2022-03-31 12:59:27 LogApplication [main] WARN  o.s.boot.StartupInfoLogger.appendOn:117 - InetAddress.getLocalHost().getHostName() took 5004 milliseconds to respond. Please verify your network configuration (macOS machines may need to add entries to /etc/hosts).
2022-03-31 12:59:32 LogApplication [main] INFO  com.example.log.LogApplication.logStarting:55 - Starting LogApplication using Java 1.8.0_212 on SelvaQA.local with PID 2113 (/Users/fiuser/IdeaProjects/log/target/classes started by fiuser in /Users/fiuser/IdeaProjects/log)
2022-03-31 12:59:32 LogApplication [main] INFO  com.example.log.LogApplication.logStartupProfileInfo:640 - No active profile set, falling back to 1 default profile: "default"
2022-03-31 12:59:33 LogApplication [main] INFO  o.s.b.w.e.tomcat.TomcatWebServer.initialize:108 - Tomcat initialized with port(s): 8081 (http)
2022-03-31 12:59:33 LogApplication [main] INFO  o.a.catalina.core.StandardService.log:173 - Starting service [Tomcat]
2022-03-31 12:59:33 LogApplication [main] INFO  o.a.catalina.core.StandardEngine.log:173 - Starting Servlet engine: [Apache Tomcat/9.0.58]
2022-03-31 12:59:33 LogApplication [main] INFO  o.a.c.c.C.[Tomcat].[localhost].[/].log:173 - Initializing Spring embedded WebApplicationContext
2022-03-31 12:59:33 LogApplication [main] INFO  o.s.b.w.s.c.ServletWebServerApplicationContext.prepareWebApplicationContext:290 - Root WebApplicationContext: initialization completed in 924 ms
2022-03-31 12:59:33 LogApplication [main] INFO  o.s.b.w.e.tomcat.TomcatWebServer.start:220 - Tomcat started on port(s): 8081 (http) with context path ''
2022-03-31 12:59:33 LogApplication [main] INFO  com.example.log.LogApplication.logStarted:61 - Started LogApplication in 21.909 seconds (JVM running for 27.68)
2022-03-31 13:00:15 LogApplication [http-nio-8081-exec-1] INFO  o.a.c.c.C.[Tomcat].[localhost].[/].log:173 - Initializing Spring DispatcherServlet 'dispatcherServlet'
2022-03-31 13:00:15 LogApplication [http-nio-8081-exec-1] INFO  o.s.web.servlet.DispatcherServlet.initServletBean:525 - Initializing Servlet 'dispatcherServlet'
2022-03-31 13:00:15 LogApplication [http-nio-8081-exec-1] INFO  o.s.web.servlet.DispatcherServlet.initServletBean:547 - Completed initialization in 1 ms
2022-03-31 17:27:35 LogApplication [main] WARN  o.s.boot.StartupInfoLogger.appendOn:117 - InetAddress.getLocalHost().getHostName() took 5002 milliseconds to respond. Please verify your network configuration (macOS machines may need to add entries to /etc/hosts).
2022-03-31 17:27:40 LogApplication [main] INFO  com.example.log.LogApplication.logStarting:55 - Starting LogApplication using Java 1.8.0_212 on SelvaQA.local with PID 4261 (/Users/fiuser/IdeaProjects/log/target/classes started by fiuser in /Users/fiuser/IdeaProjects/log)
2022-03-31 17:27:40 LogApplication [main] INFO  com.example.log.LogApplication.logStartupProfileInfo:640 - No active profile set, falling back to 1 default profile: "default"
2022-03-31 17:27:42 LogApplication [main] INFO  o.s.b.w.e.tomcat.TomcatWebServer.initialize:108 - Tomcat initialized with port(s): 8081 (http)
2022-03-31 17:27:42 LogApplication [main] INFO  o.a.catalina.core.StandardService.log:173 - Starting service [Tomcat]
2022-03-31 17:27:42 LogApplication [main] INFO  o.a.catalina.core.StandardEngine.log:173 - Starting Servlet engine: [Apache Tomcat/9.0.58]
2022-03-31 17:27:42 LogApplication [main] INFO  o.a.c.c.C.[Tomcat].[localhost].[/].log:173 - Initializing Spring embedded WebApplicationContext
2022-03-31 17:27:42 LogApplication [main] INFO  o.s.b.w.s.c.ServletWebServerApplicationContext.prepareWebApplicationContext:290 - Root WebApplicationContext: initialization completed in 1167 ms
2022-03-31 17:27:42 LogApplication [main] INFO  o.s.b.w.e.tomcat.TomcatWebServer.start:220 - Tomcat started on port(s): 8081 (http) with context path ''
2022-03-31 17:27:42 LogApplication [main] INFO  com.example.log.LogApplication.logStarted:61 - Started LogApplication in 22.34 seconds (JVM running for 28.688)
2022-03-31 17:40:52 LogApplication [main] WARN  o.s.boot.StartupInfoLogger.appendOn:117 - InetAddress.getLocalHost().getHostName() took 5003 milliseconds to respond. Please verify your network configuration (macOS machines may need to add entries to /etc/hosts).
2022-03-31 17:40:57 LogApplication [main] INFO  com.example.log.LogApplication.logStarting:55 - Starting LogApplication using Java 1.8.0_212 on SelvaQA.local with PID 4472 (/Users/fiuser/IdeaProjects/log/target/classes started by fiuser in /Users/fiuser/IdeaProjects/log)
2022-03-31 17:40:57 LogApplication [main] INFO  com.example.log.LogApplication.logStartupProfileInfo:640 - No active profile set, falling back to 1 default profile: "default"
2022-03-31 17:40:58 LogApplication [main] INFO  o.s.b.w.e.tomcat.TomcatWebServer.initialize:108 - Tomcat initialized with port(s): 8081 (http)
2022-03-31 17:40:58 LogApplication [main] INFO  o.a.catalina.core.StandardService.log:173 - Starting service [Tomcat]
2022-03-31 17:40:58 LogApplication [main] INFO  o.a.catalina.core.StandardEngine.log:173 - Starting Servlet engine: [Apache Tomcat/9.0.58]
2022-03-31 17:40:58 LogApplication [main] INFO  o.a.c.c.C.[Tomcat].[localhost].[/].log:173 - Initializing Spring embedded WebApplicationContext
2022-03-31 17:40:58 LogApplication [main] INFO  o.s.b.w.s.c.ServletWebServerApplicationContext.prepareWebApplicationContext:290 - Root WebApplicationContext: initialization completed in 922 ms
2022-03-31 17:40:58 LogApplication [main] INFO  o.s.b.w.e.tomcat.TomcatWebServer.start:220 - Tomcat started on port(s): 8081 (http) with context path ''
2022-03-31 17:40:58 LogApplication [main] INFO  com.example.log.LogApplication.logStarted:61 - Started LogApplication in 21.958 seconds (JVM running for 27.737)
2022-03-31 17:41:04 LogApplication [http-nio-8081-exec-1] INFO  o.a.c.c.C.[Tomcat].[localhost].[/].log:173 - Initializing Spring DispatcherServlet 'dispatcherServlet'
2022-03-31 17:41:04 LogApplication [http-nio-8081-exec-1] INFO  o.s.web.servlet.DispatcherServlet.initServletBean:525 - Initializing Servlet 'dispatcherServlet'
2022-03-31 17:41:04 LogApplication [http-nio-8081-exec-1] INFO  o.s.web.servlet.DispatcherServlet.initServletBean:547 - Completed initialization in 4 ms
